<?xml version="1.0" encoding="UTF-8"?>
<!-- Generated by org.testng.reporters.JUnitReportReporter -->
<testsuite hostname="DESKTOP-VPHB7F1" failures="0" tests="2" name="cucumberOption.TestNGRunner" time="0.181" errors="0" timestamp="2023-07-13T21:35:53 PDT" skipped="0">
  <testcase classname="cucumberOption.TestNGRunner" name="runScenario" time="0.010"/>
  <testcase classname="cucumberOption.TestNGRunner" name="runScenario" time="0.171"/>
</testsuite> <!-- cucumberOption.TestNGRunner -->
